<?xml version="1.0" encoding="UTF-8"?>
<!-- Generated by org.testng.reporters.JUnitReportReporter -->
<testsuite hostname="DESKTOP-1GGKMTQ" failures="0" tests="4" name="latestpost.Post" time="2.241" errors="0" timestamp="2023-03-16T01:10:25 IST" skipped="3">
  <testcase classname="latestpost.Post" name="post4" time="2.241"/>
  <system-out/>
  <testcase classname="latestpost.Post" name="post3">
    <skipped/>
  </testcase> <!-- post3 -->
  <system-out/>
  <testcase classname="latestpost.Post" name="post1">
    <skipped/>
  </testcase> <!-- post1 -->
  <system-out/>
  <testcase classname="latestpost.Post" name="post2">
    <skipped/>
  </testcase> <!-- post2 -->
  <system-out/>
</testsuite> <!-- latestpost.Post -->
