<?xml version="1.0" encoding="UTF-8"?>
<!-- Generated by org.testng.reporters.JUnitReportReporter -->
<testsuite hostname="DESKTOP-1GGKMTQ" failures="0" tests="1" name="com.restapitests.GetTest" time="5.277" errors="0" timestamp="2022-08-03T16:41:46 IST" skipped="0">
  <testcase classname="com.restapitests.GetTest" name="getTest" time="5.277"/>
  <system-out/>
</testsuite> <!-- com.restapitests.GetTest -->
