<?xml version="1.0" encoding="UTF-8"?>
<!-- Generated by org.testng.reporters.JUnitReportReporter -->
<testsuite hostname="DESKTOP-1GGKMTQ" failures="0" tests="1" name="com.restapitests.DeleteTest" time="4.182" errors="0" timestamp="2022-08-03T16:44:31 IST" skipped="0">
  <testcase classname="com.restapitests.DeleteTest" name="deleteTest" time="4.182"/>
  <system-out/>
</testsuite> <!-- com.restapitests.DeleteTest -->
