<?xml version="1.0" encoding="UTF-8"?>
<!-- Generated by org.testng.reporters.JUnitReportReporter -->
<testsuite hostname="DESKTOP-1GGKMTQ" failures="0" tests="1" name="com.restapitests.PostTest" time="5.480" errors="0" timestamp="2022-08-03T16:43:01 IST" skipped="0">
  <testcase classname="com.restapitests.PostTest" name="postTest" time="5.480"/>
  <system-out/>
</testsuite> <!-- com.restapitests.PostTest -->
