<?xml version="1.0" encoding="UTF-8"?>
<!-- Generated by org.testng.reporters.JUnitReportReporter -->
<testsuite hostname="DESKTOP-1GGKMTQ" failures="0" tests="5" name="latestGet.SimpleGet" time="1.731" errors="0" timestamp="2023-02-23T16:10:25 IST" skipped="4">
  <testcase classname="latestGet.SimpleGet" name="get5" time="1.731"/>
  <system-out/>
  <testcase classname="latestGet.SimpleGet" name="get4">
    <skipped/>
  </testcase> <!-- get4 -->
  <system-out/>
  <testcase classname="latestGet.SimpleGet" name="get3">
    <skipped/>
  </testcase> <!-- get3 -->
  <system-out/>
  <testcase classname="latestGet.SimpleGet" name="get2">
    <skipped/>
  </testcase> <!-- get2 -->
  <system-out/>
  <testcase classname="latestGet.SimpleGet" name="get1">
    <skipped/>
  </testcase> <!-- get1 -->
  <system-out/>
</testsuite> <!-- latestGet.SimpleGet -->
