<?xml version="1.0" encoding="UTF-8"?>
<!-- Generated by org.testng.reporters.JUnitReportReporter -->
<testsuite hostname="DESKTOP-1GGKMTQ" failures="0" tests="1" name="com.restapitests.PutTest" time="5.924" errors="0" timestamp="2022-08-03T16:43:57 IST" skipped="0">
  <testcase classname="com.restapitests.PutTest" name="putTest" time="5.924"/>
  <system-out/>
</testsuite> <!-- com.restapitests.PutTest -->
